<?xml version="1.0" encoding="UTF-8"?>
<testng-results total="1" passed="1" failed="0" skipped="0">
  <reporter-output>
  </reporter-output>
  <suite started-at="2021-05-31T14:55:52Z" name="Default suite" finished-at="2021-05-31T14:56:02Z" duration-ms="10704">
    <groups>
    </groups>
    <test started-at="2021-05-31T14:55:52Z" name="Default test" finished-at="2021-05-31T14:56:02Z" duration-ms="10704">
      <class name="com.bookmyshow.TestScripts.TestBookingFlow">
        <test-method is-config="true" signature="setUp()[pri:0, instance:com.bookmyshow.TestScripts.TestBookingFlow@2d901eb0]" started-at="2021-05-31T20:25:52Z" name="setUp" finished-at="2021-05-31T20:25:54Z" duration-ms="2156" status="PASS">
          <reporter-output>
          </reporter-output>
        </test-method> <!-- setUp -->
        <test-method signature="testBookMovieTickets()[pri:0, instance:com.bookmyshow.TestScripts.TestBookingFlow@2d901eb0]" started-at="2021-05-31T20:25:54Z" name="testBookMovieTickets" finished-at="2021-05-31T20:25:57Z" duration-ms="3131" status="PASS">
          <reporter-output>
          </reporter-output>
        </test-method> <!-- testBookMovieTickets -->
        <test-method is-config="true" signature="tearDown()[pri:0, instance:com.bookmyshow.TestScripts.TestBookingFlow@2d901eb0]" started-at="2021-05-31T20:25:57Z" name="tearDown" finished-at="2021-05-31T20:26:02Z" duration-ms="5409" status="PASS">
          <reporter-output>
          </reporter-output>
        </test-method> <!-- tearDown -->
      </class> <!-- com.bookmyshow.TestScripts.TestBookingFlow -->
    </test> <!-- Default test -->
  </suite> <!-- Default suite -->
</testng-results>
